Determining if the pthread_create exist failed with the following output:
Change Dir: /root/CS-GY-6533/Assignment_2/build/CMakeFiles/CMakeTmp

Run Build Command:"/usr/bin/make" "cmTC_2c5a1/fast"
/usr/bin/make -f CMakeFiles/cmTC_2c5a1.dir/build.make CMakeFiles/cmTC_2c5a1.dir/build
make[1]: Entering directory '/root/CS-GY-6533/Assignment_2/build/CMakeFiles/CMakeTmp'
Building C object CMakeFiles/cmTC_2c5a1.dir/CheckSymbolExists.c.o
/usr/bin/cc    -o CMakeFiles/cmTC_2c5a1.dir/CheckSymbolExists.c.o   -c /root/CS-GY-6533/Assignment_2/build/CMakeFiles/CMakeTmp/CheckSymbolExists.c
Linking C executable cmTC_2c5a1
/usr/bin/cmake -E cmake_link_script CMakeFiles/cmTC_2c5a1.dir/link.txt --verbose=1
/usr/bin/cc      -rdynamic CMakeFiles/cmTC_2c5a1.dir/CheckSymbolExists.c.o  -o cmTC_2c5a1 
/usr/bin/ld: CMakeFiles/cmTC_2c5a1.dir/CheckSymbolExists.c.o: in function `main':
CheckSymbolExists.c:(.text+0x1b): undefined reference to `pthread_create'
collect2: error: ld returned 1 exit status
make[1]: *** [CMakeFiles/cmTC_2c5a1.dir/build.make:87: cmTC_2c5a1] Error 1
make[1]: Leaving directory '/root/CS-GY-6533/Assignment_2/build/CMakeFiles/CMakeTmp'
make: *** [Makefile:121: cmTC_2c5a1/fast] Error 2

File /root/CS-GY-6533/Assignment_2/build/CMakeFiles/CMakeTmp/CheckSymbolExists.c:
/* */
#include <pthread.h>

int main(int argc, char** argv)
{
  (void)argv;
#ifndef pthread_create
  return ((int*)(&pthread_create))[argc];
#else
  (void)argc;
  return 0;
#endif
}

Determining if the function pthread_create exists in the pthreads failed with the following output:
Change Dir: /root/CS-GY-6533/Assignment_2/build/CMakeFiles/CMakeTmp

Run Build Command:"/usr/bin/make" "cmTC_ca1a2/fast"
/usr/bin/make -f CMakeFiles/cmTC_ca1a2.dir/build.make CMakeFiles/cmTC_ca1a2.dir/build
make[1]: Entering directory '/root/CS-GY-6533/Assignment_2/build/CMakeFiles/CMakeTmp'
Building C object CMakeFiles/cmTC_ca1a2.dir/CheckFunctionExists.c.o
/usr/bin/cc   -DCHECK_FUNCTION_EXISTS=pthread_create   -o CMakeFiles/cmTC_ca1a2.dir/CheckFunctionExists.c.o   -c /usr/share/cmake-3.13/Modules/CheckFunctionExists.c
Linking C executable cmTC_ca1a2
/usr/bin/cmake -E cmake_link_script CMakeFiles/cmTC_ca1a2.dir/link.txt --verbose=1
/usr/bin/cc  -DCHECK_FUNCTION_EXISTS=pthread_create    -rdynamic CMakeFiles/cmTC_ca1a2.dir/CheckFunctionExists.c.o  -o cmTC_ca1a2 -lpthreads 
/usr/bin/ld: cannot find -lpthreads
collect2: error: ld returned 1 exit status
make[1]: *** [CMakeFiles/cmTC_ca1a2.dir/build.make:87: cmTC_ca1a2] Error 1
make[1]: Leaving directory '/root/CS-GY-6533/Assignment_2/build/CMakeFiles/CMakeTmp'
make: *** [Makefile:121: cmTC_ca1a2/fast] Error 2


Determining if the pthread_create exist failed with the following output:
Change Dir: /root/CS-GY-6533/Assignment_3/build/CMakeFiles/CMakeTmp

Run Build Command:"/usr/bin/make" "cmTC_3f343/fast"
/usr/bin/make -f CMakeFiles/cmTC_3f343.dir/build.make CMakeFiles/cmTC_3f343.dir/build
make[1]: Entering directory '/root/CS-GY-6533/Assignment_3/build/CMakeFiles/CMakeTmp'
Building C object CMakeFiles/cmTC_3f343.dir/CheckSymbolExists.c.o
/usr/bin/cc    -o CMakeFiles/cmTC_3f343.dir/CheckSymbolExists.c.o   -c /root/CS-GY-6533/Assignment_3/build/CMakeFiles/CMakeTmp/CheckSymbolExists.c
Linking C executable cmTC_3f343
/usr/bin/cmake -E cmake_link_script CMakeFiles/cmTC_3f343.dir/link.txt --verbose=1
/usr/bin/cc      -rdynamic CMakeFiles/cmTC_3f343.dir/CheckSymbolExists.c.o  -o cmTC_3f343 
/usr/bin/ld: CMakeFiles/cmTC_3f343.dir/CheckSymbolExists.c.o: in function `main':
CheckSymbolExists.c:(.text+0x1b): undefined reference to `pthread_create'
collect2: error: ld returned 1 exit status
make[1]: *** [CMakeFiles/cmTC_3f343.dir/build.make:87: cmTC_3f343] Error 1
make[1]: Leaving directory '/root/CS-GY-6533/Assignment_3/build/CMakeFiles/CMakeTmp'
make: *** [Makefile:121: cmTC_3f343/fast] Error 2

File /root/CS-GY-6533/Assignment_3/build/CMakeFiles/CMakeTmp/CheckSymbolExists.c:
/* */
#include <pthread.h>

int main(int argc, char** argv)
{
  (void)argv;
#ifndef pthread_create
  return ((int*)(&pthread_create))[argc];
#else
  (void)argc;
  return 0;
#endif
}

Determining if the function pthread_create exists in the pthreads failed with the following output:
Change Dir: /root/CS-GY-6533/Assignment_3/build/CMakeFiles/CMakeTmp

Run Build Command:"/usr/bin/make" "cmTC_28b25/fast"
/usr/bin/make -f CMakeFiles/cmTC_28b25.dir/build.make CMakeFiles/cmTC_28b25.dir/build
make[1]: Entering directory '/root/CS-GY-6533/Assignment_3/build/CMakeFiles/CMakeTmp'
Building C object CMakeFiles/cmTC_28b25.dir/CheckFunctionExists.c.o
/usr/bin/cc   -DCHECK_FUNCTION_EXISTS=pthread_create   -o CMakeFiles/cmTC_28b25.dir/CheckFunctionExists.c.o   -c /usr/share/cmake-3.13/Modules/CheckFunctionExists.c
Linking C executable cmTC_28b25
/usr/bin/cmake -E cmake_link_script CMakeFiles/cmTC_28b25.dir/link.txt --verbose=1
/usr/bin/cc  -DCHECK_FUNCTION_EXISTS=pthread_create    -rdynamic CMakeFiles/cmTC_28b25.dir/CheckFunctionExists.c.o  -o cmTC_28b25 -lpthreads 
/usr/bin/ld: cannot find -lpthreads
collect2: error: ld returned 1 exit status
make[1]: *** [CMakeFiles/cmTC_28b25.dir/build.make:87: cmTC_28b25] Error 1
make[1]: Leaving directory '/root/CS-GY-6533/Assignment_3/build/CMakeFiles/CMakeTmp'
make: *** [Makefile:121: cmTC_28b25/fast] Error 2


